app/build/intermediates/manifest_merge_blame_file/debug/manifest-merger-blame-debug-report.txt
1<?xml version="1.0" encoding="utf-8"?>
2<manifest xmlns:android="http://schemas.android.com/apk/res/android"
3    package="com.tinne.finalproject4"
4    android:versionCode="1"
5    android:versionName="1.0" >
6
7    <uses-sdk
8        android:minSdkVersion="30"
8-->src\main\AndroidManifest.xml
9        android:targetSdkVersion="33" />
9-->src\main\AndroidManifest.xml
10
11    <uses-permission android:name="android.permission.INTERNET" />
11-->src\main\AndroidManifest.xml:5:5-67
11-->src\main\AndroidManifest.xml:5:22-64
12    <uses-permission android:name="android.permission.ACCESS_NETWORK_STATE" />
12-->src\main\AndroidManifest.xml:6:5-79
12-->src\main\AndroidManifest.xml:6:22-76
13    <uses-permission android:name="android.permission.WAKE_LOCK" />
13-->[com.google.android.gms:play-services-measurement-api:21.1.1] AndroidManifest.xml:24:5-68
13-->[com.google.android.gms:play-services-measurement-api:21.1.1] AndroidManifest.xml:24:22-65
14    <uses-permission android:name="com.google.android.gms.permission.AD_ID" />
14-->[com.google.android.gms:play-services-measurement-api:21.1.1] AndroidManifest.xml:25:5-79
14-->[com.google.android.gms:play-services-measurement-api:21.1.1] AndroidManifest.xml:25:22-76
15    <uses-permission android:name="com.google.android.finsky.permission.BIND_GET_INSTALL_REFERRER_SERVICE" />
15-->[com.google.android.gms:play-services-measurement:21.1.1] AndroidManifest.xml:26:5-110
15-->[com.google.android.gms:play-services-measurement:21.1.1] AndroidManifest.xml:26:22-107
16
17    <application
17-->src\main\AndroidManifest.xml:8:5-74:19
18        android:allowBackup="true"
18-->src\main\AndroidManifest.xml:9:9-35
19        android:appComponentFactory="androidx.core.app.CoreComponentFactory"
19-->[androidx.core:core:1.8.0] AndroidManifest.xml:24:18-86
20        android:dataExtractionRules="@xml/data_extraction_rules"
20-->src\main\AndroidManifest.xml:10:9-65
21        android:debuggable="true"
22        android:extractNativeLibs="false"
23        android:fullBackupContent="@xml/backup_rules"
23-->src\main\AndroidManifest.xml:11:9-54
24        android:icon="@mipmap/ic_launcher"
24-->src\main\AndroidManifest.xml:12:9-43
25        android:label="@string/app_name"
25-->src\main\AndroidManifest.xml:13:9-41
26        android:roundIcon="@mipmap/ic_launcher_round"
26-->src\main\AndroidManifest.xml:14:9-54
27        android:supportsRtl="true"
27-->src\main\AndroidManifest.xml:15:9-35
28        android:testOnly="true"
29        android:theme="@style/Theme.FinalProject4" >
29-->src\main\AndroidManifest.xml:16:9-51
30        <activity
30-->src\main\AndroidManifest.xml:18:9-24:20
31            android:name="com.tinne.finalproject4.ResultHomeActivity"
31-->src\main\AndroidManifest.xml:19:13-47
32            android:exported="false" >
32-->src\main\AndroidManifest.xml:20:13-37
33            <meta-data
33-->src\main\AndroidManifest.xml:21:13-23:36
34                android:name="android.app.lib_name"
34-->src\main\AndroidManifest.xml:22:17-52
35                android:value="" />
35-->src\main\AndroidManifest.xml:23:17-33
36        </activity>
37        <activity
37-->src\main\AndroidManifest.xml:25:9-31:20
38            android:name="com.tinne.finalproject4.DetailResultActivity"
38-->src\main\AndroidManifest.xml:26:13-49
39            android:exported="false" >
39-->src\main\AndroidManifest.xml:27:13-37
40            <meta-data
40-->src\main\AndroidManifest.xml:21:13-23:36
41                android:name="android.app.lib_name"
41-->src\main\AndroidManifest.xml:22:17-52
42                android:value="" />
42-->src\main\AndroidManifest.xml:23:17-33
43        </activity>
44        <activity
44-->src\main\AndroidManifest.xml:32:9-38:20
45            android:name="com.tinne.finalproject4.ChooseSeatActivity"
45-->src\main\AndroidManifest.xml:33:13-47
46            android:exported="false" >
46-->src\main\AndroidManifest.xml:34:13-37
47            <meta-data
47-->src\main\AndroidManifest.xml:21:13-23:36
48                android:name="android.app.lib_name"
48-->src\main\AndroidManifest.xml:22:17-52
49                android:value="" />
49-->src\main\AndroidManifest.xml:23:17-33
50        </activity>
51        <activity
51-->src\main\AndroidManifest.xml:39:9-45:20
52            android:name="com.tinne.finalproject4.HomeInputActivity"
52-->src\main\AndroidManifest.xml:40:13-46
53            android:exported="false" >
53-->src\main\AndroidManifest.xml:41:13-37
54            <meta-data
54-->src\main\AndroidManifest.xml:21:13-23:36
55                android:name="android.app.lib_name"
55-->src\main\AndroidManifest.xml:22:17-52
56                android:value="" />
56-->src\main\AndroidManifest.xml:23:17-33
57        </activity>
58        <activity
58-->src\main\AndroidManifest.xml:46:9-58:20
59            android:name="com.tinne.finalproject4.SplashActivity"
59-->src\main\AndroidManifest.xml:47:13-43
60            android:exported="true" >
60-->src\main\AndroidManifest.xml:48:13-36
61            <intent-filter>
61-->src\main\AndroidManifest.xml:50:13-54:29
62                <action android:name="android.intent.action.MAIN" />
62-->src\main\AndroidManifest.xml:51:17-69
62-->src\main\AndroidManifest.xml:51:25-66
63
64                <category android:name="android.intent.category.LAUNCHER" />
64-->src\main\AndroidManifest.xml:53:17-77
64-->src\main\AndroidManifest.xml:53:27-74
65            </intent-filter>
66
67            <meta-data
67-->src\main\AndroidManifest.xml:21:13-23:36
68                android:name="android.app.lib_name"
68-->src\main\AndroidManifest.xml:22:17-52
69                android:value="" />
69-->src\main\AndroidManifest.xml:23:17-33
70        </activity>
71        <activity
71-->src\main\AndroidManifest.xml:59:9-65:20
72            android:name="com.tinne.finalproject4.RegisterActivity"
72-->src\main\AndroidManifest.xml:60:13-45
73            android:exported="false" >
73-->src\main\AndroidManifest.xml:61:13-37
74            <meta-data
74-->src\main\AndroidManifest.xml:21:13-23:36
75                android:name="android.app.lib_name"
75-->src\main\AndroidManifest.xml:22:17-52
76                android:value="" />
76-->src\main\AndroidManifest.xml:23:17-33
77        </activity>
78        <activity
78-->src\main\AndroidManifest.xml:66:9-73:20
79            android:name="com.tinne.finalproject4.LoginActivity"
79-->src\main\AndroidManifest.xml:67:13-42
80            android:exported="false" >
80-->src\main\AndroidManifest.xml:68:13-37
81            <meta-data
81-->src\main\AndroidManifest.xml:21:13-23:36
82                android:name="android.app.lib_name"
82-->src\main\AndroidManifest.xml:22:17-52
83                android:value="" />
83-->src\main\AndroidManifest.xml:23:17-33
84        </activity>
85        <activity
85-->[com.google.firebase:firebase-auth:21.1.0] AndroidManifest.xml:27:9-44:20
86            android:name="com.google.firebase.auth.internal.GenericIdpActivity"
86-->[com.google.firebase:firebase-auth:21.1.0] AndroidManifest.xml:28:13-80
87            android:excludeFromRecents="true"
87-->[com.google.firebase:firebase-auth:21.1.0] AndroidManifest.xml:29:13-46
88            android:exported="true"
88-->[com.google.firebase:firebase-auth:21.1.0] AndroidManifest.xml:30:13-36
89            android:launchMode="singleTask"
89-->[com.google.firebase:firebase-auth:21.1.0] AndroidManifest.xml:31:13-44
90            android:theme="@android:style/Theme.Translucent.NoTitleBar" >
90-->[com.google.firebase:firebase-auth:21.1.0] AndroidManifest.xml:32:13-72
91            <intent-filter>
91-->[com.google.firebase:firebase-auth:21.1.0] AndroidManifest.xml:33:13-43:29
92                <action android:name="android.intent.action.VIEW" />
92-->[com.google.firebase:firebase-auth:21.1.0] AndroidManifest.xml:34:17-69
92-->[com.google.firebase:firebase-auth:21.1.0] AndroidManifest.xml:34:25-66
93
94                <category android:name="android.intent.category.DEFAULT" />
94-->[com.google.firebase:firebase-auth:21.1.0] AndroidManifest.xml:36:17-76
94-->[com.google.firebase:firebase-auth:21.1.0] AndroidManifest.xml:36:27-73
95                <category android:name="android.intent.category.BROWSABLE" />
95-->[com.google.firebase:firebase-auth:21.1.0] AndroidManifest.xml:37:17-78
95-->[com.google.firebase:firebase-auth:21.1.0] AndroidManifest.xml:37:27-75
96
97                <data
97-->[com.google.firebase:firebase-auth:21.1.0] AndroidManifest.xml:39:17-42:51
98                    android:host="firebase.auth"
98-->[com.google.firebase:firebase-auth:21.1.0] AndroidManifest.xml:40:21-49
99                    android:path="/"
99-->[com.google.firebase:firebase-auth:21.1.0] AndroidManifest.xml:41:21-37
100                    android:scheme="genericidp" />
100-->[com.google.firebase:firebase-auth:21.1.0] AndroidManifest.xml:42:21-48
101            </intent-filter>
102        </activity>
103        <activity
103-->[com.google.firebase:firebase-auth:21.1.0] AndroidManifest.xml:45:9-62:20
104            android:name="com.google.firebase.auth.internal.RecaptchaActivity"
104-->[com.google.firebase:firebase-auth:21.1.0] AndroidManifest.xml:46:13-79
105            android:excludeFromRecents="true"
105-->[com.google.firebase:firebase-auth:21.1.0] AndroidManifest.xml:47:13-46
106            android:exported="true"
106-->[com.google.firebase:firebase-auth:21.1.0] AndroidManifest.xml:48:13-36
107            android:launchMode="singleTask"
107-->[com.google.firebase:firebase-auth:21.1.0] AndroidManifest.xml:49:13-44
108            android:theme="@android:style/Theme.Translucent.NoTitleBar" >
108-->[com.google.firebase:firebase-auth:21.1.0] AndroidManifest.xml:50:13-72
109            <intent-filter>
109-->[com.google.firebase:firebase-auth:21.1.0] AndroidManifest.xml:51:13-61:29
110                <action android:name="android.intent.action.VIEW" />
110-->[com.google.firebase:firebase-auth:21.1.0] AndroidManifest.xml:34:17-69
110-->[com.google.firebase:firebase-auth:21.1.0] AndroidManifest.xml:34:25-66
111
112                <category android:name="android.intent.category.DEFAULT" />
112-->[com.google.firebase:firebase-auth:21.1.0] AndroidManifest.xml:36:17-76
112-->[com.google.firebase:firebase-auth:21.1.0] AndroidManifest.xml:36:27-73
113                <category android:name="android.intent.category.BROWSABLE" />
113-->[com.google.firebase:firebase-auth:21.1.0] AndroidManifest.xml:37:17-78
113-->[com.google.firebase:firebase-auth:21.1.0] AndroidManifest.xml:37:27-75
114
115                <data
115-->[com.google.firebase:firebase-auth:21.1.0] AndroidManifest.xml:39:17-42:51
116                    android:host="firebase.auth"
116-->[com.google.firebase:firebase-auth:21.1.0] AndroidManifest.xml:40:21-49
117                    android:path="/"
117-->[com.google.firebase:firebase-auth:21.1.0] AndroidManifest.xml:41:21-37
118                    android:scheme="recaptcha" />
118-->[com.google.firebase:firebase-auth:21.1.0] AndroidManifest.xml:42:21-48
119            </intent-filter>
120        </activity>
121
122        <service
122-->[com.google.firebase:firebase-auth:21.1.0] AndroidManifest.xml:64:9-70:19
123            android:name="com.google.firebase.components.ComponentDiscoveryService"
123-->[com.google.firebase:firebase-auth:21.1.0] AndroidManifest.xml:65:13-84
124            android:directBootAware="true"
124-->[com.google.firebase:firebase-common:20.2.0] AndroidManifest.xml:34:13-43
125            android:exported="false" >
125-->[com.google.firebase:firebase-auth:21.1.0] AndroidManifest.xml:66:13-37
126            <meta-data
126-->[com.google.firebase:firebase-auth:21.1.0] AndroidManifest.xml:67:13-69:85
127                android:name="com.google.firebase.components:com.google.firebase.auth.FirebaseAuthRegistrar"
127-->[com.google.firebase:firebase-auth:21.1.0] AndroidManifest.xml:68:17-109
128                android:value="com.google.firebase.components.ComponentRegistrar" />
128-->[com.google.firebase:firebase-auth:21.1.0] AndroidManifest.xml:69:17-82
129            <meta-data
129-->[com.google.android.gms:play-services-measurement-api:21.1.1] AndroidManifest.xml:31:13-33:85
130                android:name="com.google.firebase.components:com.google.firebase.analytics.connector.internal.AnalyticsConnectorRegistrar"
130-->[com.google.android.gms:play-services-measurement-api:21.1.1] AndroidManifest.xml:32:17-139
131                android:value="com.google.firebase.components.ComponentRegistrar" />
131-->[com.google.android.gms:play-services-measurement-api:21.1.1] AndroidManifest.xml:33:17-82
132            <meta-data
132-->[com.google.firebase:firebase-installations:17.0.1] AndroidManifest.xml:18:13-20:85
133                android:name="com.google.firebase.components:com.google.firebase.installations.FirebaseInstallationsRegistrar"
133-->[com.google.firebase:firebase-installations:17.0.1] AndroidManifest.xml:19:17-127
134                android:value="com.google.firebase.components.ComponentRegistrar" />
134-->[com.google.firebase:firebase-installations:17.0.1] AndroidManifest.xml:20:17-82
135        </service>
136
137        <provider
137-->[com.google.firebase:firebase-common:20.2.0] AndroidManifest.xml:25:9-30:39
138            android:name="com.google.firebase.provider.FirebaseInitProvider"
138-->[com.google.firebase:firebase-common:20.2.0] AndroidManifest.xml:26:13-77
139            android:authorities="com.tinne.finalproject4.firebaseinitprovider"
139-->[com.google.firebase:firebase-common:20.2.0] AndroidManifest.xml:27:13-72
140            android:directBootAware="true"
140-->[com.google.firebase:firebase-common:20.2.0] AndroidManifest.xml:28:13-43
141            android:exported="false"
141-->[com.google.firebase:firebase-common:20.2.0] AndroidManifest.xml:29:13-37
142            android:initOrder="100" />
142-->[com.google.firebase:firebase-common:20.2.0] AndroidManifest.xml:30:13-36
143
144        <activity
144-->[com.google.android.gms:play-services-base:17.1.0] AndroidManifest.xml:23:9-26:75
145            android:name="com.google.android.gms.common.api.GoogleApiActivity"
145-->[com.google.android.gms:play-services-base:17.1.0] AndroidManifest.xml:24:13-79
146            android:exported="false"
146-->[com.google.android.gms:play-services-base:17.1.0] AndroidManifest.xml:25:13-37
147            android:theme="@android:style/Theme.Translucent.NoTitleBar" />
147-->[com.google.android.gms:play-services-base:17.1.0] AndroidManifest.xml:26:13-72
148
149        <receiver
149-->[com.google.android.gms:play-services-measurement:21.1.1] AndroidManifest.xml:29:9-33:20
150            android:name="com.google.android.gms.measurement.AppMeasurementReceiver"
150-->[com.google.android.gms:play-services-measurement:21.1.1] AndroidManifest.xml:30:13-85
151            android:enabled="true"
151-->[com.google.android.gms:play-services-measurement:21.1.1] AndroidManifest.xml:31:13-35
152            android:exported="false" >
152-->[com.google.android.gms:play-services-measurement:21.1.1] AndroidManifest.xml:32:13-37
153        </receiver>
154
155        <service
155-->[com.google.android.gms:play-services-measurement:21.1.1] AndroidManifest.xml:35:9-38:40
156            android:name="com.google.android.gms.measurement.AppMeasurementService"
156-->[com.google.android.gms:play-services-measurement:21.1.1] AndroidManifest.xml:36:13-84
157            android:enabled="true"
157-->[com.google.android.gms:play-services-measurement:21.1.1] AndroidManifest.xml:37:13-35
158            android:exported="false" />
158-->[com.google.android.gms:play-services-measurement:21.1.1] AndroidManifest.xml:38:13-37
159        <service
159-->[com.google.android.gms:play-services-measurement:21.1.1] AndroidManifest.xml:39:9-43:72
160            android:name="com.google.android.gms.measurement.AppMeasurementJobService"
160-->[com.google.android.gms:play-services-measurement:21.1.1] AndroidManifest.xml:40:13-87
161            android:enabled="true"
161-->[com.google.android.gms:play-services-measurement:21.1.1] AndroidManifest.xml:41:13-35
162            android:exported="false"
162-->[com.google.android.gms:play-services-measurement:21.1.1] AndroidManifest.xml:42:13-37
163            android:permission="android.permission.BIND_JOB_SERVICE" />
163-->[com.google.android.gms:play-services-measurement:21.1.1] AndroidManifest.xml:43:13-69
164
165        <meta-data
165-->[com.google.android.gms:play-services-basement:18.1.0] AndroidManifest.xml:21:9-23:69
166            android:name="com.google.android.gms.version"
166-->[com.google.android.gms:play-services-basement:18.1.0] AndroidManifest.xml:22:13-58
167            android:value="@integer/google_play_services_version" />
167-->[com.google.android.gms:play-services-basement:18.1.0] AndroidManifest.xml:23:13-66
168
169        <provider
169-->[androidx.emoji2:emoji2:1.2.0] AndroidManifest.xml:24:9-32:20
170            android:name="androidx.startup.InitializationProvider"
170-->[androidx.emoji2:emoji2:1.2.0] AndroidManifest.xml:25:13-67
171            android:authorities="com.tinne.finalproject4.androidx-startup"
171-->[androidx.emoji2:emoji2:1.2.0] AndroidManifest.xml:26:13-68
172            android:exported="false" >
172-->[androidx.emoji2:emoji2:1.2.0] AndroidManifest.xml:27:13-37
173            <meta-data
173-->[androidx.emoji2:emoji2:1.2.0] AndroidManifest.xml:29:13-31:52
174                android:name="androidx.emoji2.text.EmojiCompatInitializer"
174-->[androidx.emoji2:emoji2:1.2.0] AndroidManifest.xml:30:17-75
175                android:value="androidx.startup" />
175-->[androidx.emoji2:emoji2:1.2.0] AndroidManifest.xml:31:17-49
176            <meta-data
176-->[androidx.lifecycle:lifecycle-process:2.4.1] AndroidManifest.xml:31:13-33:52
177                android:name="androidx.lifecycle.ProcessLifecycleInitializer"
177-->[androidx.lifecycle:lifecycle-process:2.4.1] AndroidManifest.xml:32:17-78
178                android:value="androidx.startup" />
178-->[androidx.lifecycle:lifecycle-process:2.4.1] AndroidManifest.xml:33:17-49
179        </provider>
180    </application>
181
182</manifest>